Build started 01.03.2012 9:23:04.
     1>Project "C:\Users\user\TaskBaseCamp\Week_4\Task_4\Task_4.vcxproj" on node 2 (build target(s)).
     1>InitializeBuildStatus:
         Creating "Debug\Task_4.unsuccessfulbuild" because "AlwaysCreate" was specified.
       ClCompile:
         C:\Program Files\Microsoft Visual Studio 10.0\VC\bin\CL.exe /c /ZI /nologo /W3 /WX- /Od /Oy- /D WIN32 /D _DEBUG /D _CONSOLE /D _UNICODE /D UNICODE /Gm /EHsc /RTC1 /MDd /GS /fp:precise /Zc:wchar_t /Zc:forScope /Fo"Debug\\" /Fd"Debug\vc100.pdb" /Gd /TP /analyze- /errorReport:prompt main.cpp
         main.cpp
     1>c:\users\user\taskbasecamp\week_4\task_4\natur.h(22): warning C4018: '<' : signed/unsigned mismatch
     1>c:\users\user\taskbasecamp\week_4\task_4\natur.h(33): warning C4018: '<' : signed/unsigned mismatch
     1>c:\users\user\taskbasecamp\week_4\task_4\natur.h(44): warning C4018: '<' : signed/unsigned mismatch
     1>c:\users\user\taskbasecamp\week_4\task_4\natur.h(63): warning C4018: '<' : signed/unsigned mismatch
     1>c:\users\user\taskbasecamp\week_4\task_4\natur.h(64): warning C4996: 'scanf': This function or variable may be unsafe. Consider using scanf_s instead. To disable deprecation, use _CRT_SECURE_NO_WARNINGS. See online help for details.
                 c:\program files\microsoft visual studio 10.0\vc\include\stdio.h(304) : see declaration of 'scanf'
     1>c:\users\user\taskbasecamp\week_4\task_4\natur.h(74): warning C4996: 'scanf': This function or variable may be unsafe. Consider using scanf_s instead. To disable deprecation, use _CRT_SECURE_NO_WARNINGS. See online help for details.
                 c:\program files\microsoft visual studio 10.0\vc\include\stdio.h(304) : see declaration of 'scanf'
     1>c:\users\user\taskbasecamp\week_4\task_4\vector.h(27): warning C4018: '<' : signed/unsigned mismatch
     1>c:\users\user\taskbasecamp\week_4\task_4\vector.h(34): warning C4018: '<' : signed/unsigned mismatch
     1>c:\users\user\taskbasecamp\week_4\task_4\vector.h(46): warning C4018: '<' : signed/unsigned mismatch
     1>c:\users\user\taskbasecamp\week_4\task_4\vector.h(56): warning C4018: '<' : signed/unsigned mismatch
     1>c:\users\user\taskbasecamp\week_4\task_4\vector.h(120): warning C4996: 'scanf': This function or variable may be unsafe. Consider using scanf_s instead. To disable deprecation, use _CRT_SECURE_NO_WARNINGS. See online help for details.
                 c:\program files\microsoft visual studio 10.0\vc\include\stdio.h(304) : see declaration of 'scanf'
     1>c:\users\user\taskbasecamp\week_4\task_4\vector.h(157): warning C4996: 'scanf': This function or variable may be unsafe. Consider using scanf_s instead. To disable deprecation, use _CRT_SECURE_NO_WARNINGS. See online help for details.
                 c:\program files\microsoft visual studio 10.0\vc\include\stdio.h(304) : see declaration of 'scanf'
     1>c:\users\user\taskbasecamp\week_4\task_4\main.cpp(10): warning C4996: 'scanf': This function or variable may be unsafe. Consider using scanf_s instead. To disable deprecation, use _CRT_SECURE_NO_WARNINGS. See online help for details.
                 c:\program files\microsoft visual studio 10.0\vc\include\stdio.h(304) : see declaration of 'scanf'
     1>c:\users\user\taskbasecamp\week_4\task_4\main.cpp(43): warning C4996: 'scanf': This function or variable may be unsafe. Consider using scanf_s instead. To disable deprecation, use _CRT_SECURE_NO_WARNINGS. See online help for details.
                 c:\program files\microsoft visual studio 10.0\vc\include\stdio.h(304) : see declaration of 'scanf'
     1>c:\users\user\taskbasecamp\week_4\task_4\main.cpp(56): warning C4996: 'getch': The POSIX name for this item is deprecated. Instead, use the ISO C++ conformant name: _getch. See online help for details.
                 c:\program files\microsoft visual studio 10.0\vc\include\conio.h(128) : see declaration of 'getch'
       ManifestResourceCompile:
         C:\Program Files\Microsoft SDKs\Windows\v7.0A\bin\rc.exe /nologo /fo"Debug\Task_4.exe.embed.manifest.res" Debug\Task_4_manifest.rc 
       Link:
         C:\Program Files\Microsoft Visual Studio 10.0\VC\bin\link.exe /ERRORREPORT:PROMPT /OUT:"C:\Users\user\TaskBaseCamp\Week_4\Debug\Task_4.exe" /INCREMENTAL /NOLOGO kernel32.lib user32.lib gdi32.lib winspool.lib comdlg32.lib advapi32.lib shell32.lib ole32.lib oleaut32.lib uuid.lib odbc32.lib odbccp32.lib /MANIFEST /ManifestFile:"Debug\Task_4.exe.intermediate.manifest" /MANIFESTUAC:"level='asInvoker' uiAccess='false'" /DEBUG /PDB:"C:\Users\user\TaskBaseCamp\Week_4\Debug\Task_4.pdb" /SUBSYSTEM:CONSOLE /TLBID:1 /DYNAMICBASE /NXCOMPAT /IMPLIB:"C:\Users\user\TaskBaseCamp\Week_4\Debug\Task_4.lib" /MACHINE:X86 Debug\Task_4.exe.embed.manifest.res
         Debug\main.obj
       Manifest:
         C:\Program Files\Microsoft SDKs\Windows\v7.0A\bin\mt.exe /nologo /verbose /out:"Debug\Task_4.exe.embed.manifest" /manifest Debug\Task_4.exe.intermediate.manifest
         All outputs are up-to-date.
       LinkEmbedManifest:
         All outputs are up-to-date.
         Task_4.vcxproj -> C:\Users\user\TaskBaseCamp\Week_4\Debug\Task_4.exe
       FinalizeBuildStatus:
         Deleting file "Debug\Task_4.unsuccessfulbuild".
         Touching "Debug\Task_4.lastbuildstate".
     1>Done Building Project "C:\Users\user\TaskBaseCamp\Week_4\Task_4\Task_4.vcxproj" (build target(s)).

Build succeeded.

Time Elapsed 00:00:03.07
