Build started 13.03.2012 22:51:36.
     1>Project "D:\C++\DllSection\DllSection\DllSection.vcxproj" on node 2 (build target(s)).
     1>InitializeBuildStatus:
         Creating "Debug\DllSection.unsuccessfulbuild" because "AlwaysCreate" was specified.
       ClCompile:
         All outputs are up-to-date.
         All outputs are up-to-date.
         C:\Program Files\Microsoft Visual Studio 10.0\VC\bin\CL.exe /c /ZI /nologo /W3 /WX- /Od /Oy- /D WIN32 /D _DEBUG /D _WINDOWS /D _USRDLL /D DLLSECTION_EXPORTS /D _WINDLL /D _UNICODE /D UNICODE /Gm /EHsc /RTC1 /MDd /GS /fp:precise /Zc:wchar_t /Zc:forScope /Yu"StdAfx.h" /Fp"Debug\DllSection.pch" /Fo"Debug\\" /Fd"Debug\vc100.pdb" /Gd /TP /analyze- /errorReport:prompt Section.cpp
         Section.cpp
     1>d:\c++\dllsection\dllsection\section.cpp(1): warning C4627: '#include <iostream>': skipped when looking for precompiled header use
                 Add directive to 'StdAfx.h' or rebuild precompiled header
       ManifestResourceCompile:
         All outputs are up-to-date.
       Link:
         C:\Program Files\Microsoft Visual Studio 10.0\VC\bin\link.exe /ERRORREPORT:PROMPT /OUT:"D:\C++\DllSection\Debug\DllSection.dll" /INCREMENTAL /NOLOGO kernel32.lib user32.lib gdi32.lib winspool.lib comdlg32.lib advapi32.lib shell32.lib ole32.lib oleaut32.lib uuid.lib odbc32.lib odbccp32.lib /MANIFEST /ManifestFile:"Debug\DllSection.dll.intermediate.manifest" /MANIFESTUAC:"level='asInvoker' uiAccess='false'" /DEBUG /PDB:"D:\C++\DllSection\Debug\DllSection.pdb" /SUBSYSTEM:WINDOWS /TLBID:1 /DYNAMICBASE /NXCOMPAT /IMPLIB:"D:\C++\DllSection\Debug\DllSection.lib" /MACHINE:X86 /DLL Debug\DllSection.dll.embed.manifest.res
         Debug\dllmain.obj
         Debug\DllSection.obj
         Debug\Section.obj
         Debug\stdafx.obj
       Manifest:
         C:\Program Files\Microsoft SDKs\Windows\v7.0A\bin\mt.exe /nologo /verbose /out:"Debug\DllSection.dll.embed.manifest" /manifest Debug\DllSection.dll.intermediate.manifest
         All outputs are up-to-date.
       LinkEmbedManifest:
         All outputs are up-to-date.
         DllSection.vcxproj -> D:\C++\DllSection\Debug\DllSection.dll
       FinalizeBuildStatus:
         Deleting file "Debug\DllSection.unsuccessfulbuild".
         Touching "Debug\DllSection.lastbuildstate".
     1>Done Building Project "D:\C++\DllSection\DllSection\DllSection.vcxproj" (build target(s)).

Build succeeded.

Time Elapsed 00:00:03.26
